[175036][1725448628455][main][info]["Booting Postman 11.10.0, linux-6.10.7-arch1-1 on x64"]
[175036][1725448628461][main][info]["EventBus~initialize - Success"]
[175036][1725448628465][main][info]["Proxy configuration has not been setup"]
[175036][1725448628466][main][info]["CloudProxyManager~init - Success"]
[175036][1725448628528][main][info]["performShellDataMigration: Starting shell data migration"]
[175036][1725448628529][main][info]["migrateShellData:Starting"]
[175036][1725448628534][main][info]["migrateShellData: Old storage cleaned up"]
[175036][1725448628874][main][info]["migrateShellData: Got data from shell. Writing to storage"]
[175036][1725448628882][main][info]["performShellDataMigration: Migration successful on try count 1"]
[175036][1725448628896][main][info]["UpdateHandler~init - Success"]
[175036][1725448628899][main][info]["LeaderSelection: Initialized successfully"]
[175036][1725448628901][main][info]["VersionDependencyService: Initialized successfully"]
[175036][1725448628930][main][info]["LinuxAutoUpdater~Cleanup - Initial cleanup successful"]
[175036][1725448628941][main][info]["Generated root certificate for linux"]
[175036][1725448628972][main][info]["GPU detected VID 32902 DID 1046 ACTIVE true"]
[175036][1725448628980][main][info]["newAccountRegionPreferenceService~getPreferenceWithFallback - Preference not found in storage."]
[175036][1725448628981][main][info]["newAccountRegionPreferenceService~getToggleMenuTemplate - Using preference:","useUSRegion"]
[175036][1725448629022][main][info]["shellController~init: Success"]
[175036][1725448629035][main][info]["shellMeta~init: Success"]
[175036][1725448629036][main][info]["partitionMigrationService: State of V7 partition:"]
[175036][1725448629036][main][info]["partitionMigrationService: V7 partitions",[]]
[175036][1725448629037][main][info]["partitionMigrationService~rectifyNamespaceOfScratchPadPartition: There is no partition with scratchpad namespace"]
[175036][1725448629037][main][info]["partitionMigrationService~rectifyNamespaceOfScratchPadPartition: There is no transit partition which could have been used for scratchpad"]
[175036][1725448629037][main][info]["partitionMigrationService~init: Success"]
[175036][1725448629057][main][info]["partitionMigrationService~runV8PartitionsIntegrity: Two way migration~ removing the following partitions from v8",[]]
[175036][1725448629061][main][info]["userPartitionService~_rectifyTheActivePartitionOfApplication: Setting the active partition to ",null]
[175036][1725448629068][main][info]["proxyCertificateService~ensureRootCAPresence: Deleting and creating new certificates"]
[175036][1725448629075][main][info]["userPartitionService~init: Success"]
[175036][1725448629089][main][info]["userPartitionService: State of v8 partition system:"]
[175036][1725448629095][main][info]["shell~init~getPartitionToLoad: loading scratchpad partition"]
[175036][1725448629097][main][info]["userPartitionService: List of partitions:",[]]
[175036][1725448629097][main][info]["userPartitionService: users global meta:",{}]
[175036][1725448629125][main][info]["Main:windowManager~newRequesterWindow: Fetch and update runtime config: undefined"]
[175036][1725448634161][main][info]["RuntimeIPCAgent~started: Success"]
[175036][1725448634216][main][info]["Main~scratchpadThemeAction:: action: set, value: light"]
[175036][1725448634226][main][info]["Main~scratchpadThemeAction:: action: set, value: light"]
[175036][1725448634240][main][info]["Main~scratchpadThemeAction:: action: set, value: light"]
[175036][1725448634303][main][info]["UpdateHandler~app-update-events - Received event",{"name":"checkForElectronVersionUpdated","namespace":"appUpdate"}]
[175036][1725448634324][main][info]["windowManager: First requester booted successfully."]
[175036][1725448634324][main][info]["windowManager~restoreWindows: Restoring requester windows"]
[175036][1725448634325][main][info]["Main~AppEvents - Received booted event for process requester.Version undefined UI Version: undefined Desktop Platform Version: 11.10.0"]
[175036][1725448645089][main][info]["UpdateHandler~app-update-events - Received event",{"name":"updateElectron","namespace":"appUpdate","data":{"channel":"stable","version":"11.10.0","downloadVersion":"11.11.0","appId":"1ea151eb-9220-4e3f-b1ba-3ca6f9704404","userAgent":"Mozilla/5.0 (X11; Linux x86_64) AppleWebKit/537.36 (KHTML, like Gecko) Postman/11.10.0 Electron/28.3.1 Safari/537.36","platform":"LINUX","arch":"64","downloadURL":"https://dl.pstmn.io/download/version/11.11.0/linux_64","updateServerDomain":"https://dl.pstmn.io/","additionalParamsString":"installationId=1ea151eb-9220-4e3f-b1ba-3ca6f9704404&userId=0&syncEnabled=false&teamPlan=&teamId=0","userId":"0"}}]
[175036][1725448645090][main][info]["LinuxUpdater~downloadUpdate - UpdateInfo received",{"channel":"stable","version":"11.10.0","downloadVersion":"11.11.0","appId":"1ea151eb-9220-4e3f-b1ba-3ca6f9704404","userAgent":"Mozilla/5.0 (X11; Linux x86_64) AppleWebKit/537.36 (KHTML, like Gecko) Postman/11.10.0 Electron/28.3.1 Safari/537.36","platform":"LINUX","arch":"64","downloadURL":"https://dl.pstmn.io/download/version/11.11.0/linux_64","updateServerDomain":"https://dl.pstmn.io/","additionalParamsString":"installationId=1ea151eb-9220-4e3f-b1ba-3ca6f9704404&userId=0&syncEnabled=false&teamPlan=&teamId=0","userId":"0"}]
[175036][1725448645675][main][info]["@postman/app-updater: error",{"errno":-13,"code":"EACCES","syscall":"open","path":"/opt/postman/Postman-1725448645090.tar.gz","name":"Error","message":"EACCES: permission denied, open '/opt/postman/Postman-1725448645090.tar.gz'","stack":"Error: EACCES: permission denied, open '/opt/postman/Postman-1725448645090.tar.gz'"},{"packageName":"Postman","eID":"Postman-1725448645090","downloadURL":"https://dl.pstmn.io/download/version/11.11.0/linux_64","downloadDirectory":"/opt/postman","downloadInfo":{"status":"DOWNLOAD_ERROR","error":{"errno":-13,"code":"EACCES","syscall":"open","path":"/opt/postman/Postman-1725448645090.tar.gz"},"downloadDirectory":"/opt/postman"}}]
[175036][1725448645676][main][info]["UpdateHandler~app-update-events - Received event",{"name":"electronAppUpdateError","namespace":"appUpdate","data":{"error":{"errno":-13,"code":"EACCES","syscall":"open","path":"/opt/postman/Postman-1725448645090.tar.gz","name":"Error","message":"EACCES: permission denied, open '/opt/postman/Postman-1725448645090.tar.gz'","stack":"Error: EACCES: permission denied, open '/opt/postman/Postman-1725448645090.tar.gz'"},"updateData":{"packageName":"Postman","eID":"Postman-1725448645090","downloadURL":"https://dl.pstmn.io/download/version/11.11.0/linux_64","downloadDirectory":"/opt/postman","downloadInfo":{"status":"DOWNLOAD_ERROR","error":{"errno":-13,"code":"EACCES","syscall":"open","path":"/opt/postman/Postman-1725448645090.tar.gz"},"downloadDirectory":"/opt/postman"}}}}]
[175036][1725448659407][main][info]["WindowManager~closeHandler - Closed Window (id: 2 )"]
[175036][1725448659419][main][info]["Quitting app"]
